[2019-03-20T12:32:24.562] [ERROR] application - { UnauthorizedError: Authentication Error
    at Object.throw (C:\Users\nxl\Desktop\work_space\node-pro\img-mark\node_modules\koa\lib\context.js:97:11)
    at jwt (C:\Users\nxl\Desktop\work_space\node-pro\img-mark\node_modules\koa-jwt\lib\index.js:23:22)
    at C:\Users\nxl\Desktop\work_space\node-pro\img-mark\node_modules\koa-unless\index.js:29:12
    at dispatch (C:\Users\nxl\Desktop\work_space\node-pro\img-mark\node_modules\koa-compose\index.js:42:32)
    at app.use (C:\Users\nxl\Desktop\work_space\node-pro\img-mark\middleware\tokenErrorMiddleware.js:4:26)
    at dispatch (C:\Users\nxl\Desktop\work_space\node-pro\img-mark\node_modules\koa-compose\index.js:42:32)
    at cors (C:\Users\nxl\Desktop\work_space\node-pro\img-mark\node_modules\koa2-cors\dist\index.js:91:15)
    at dispatch (C:\Users\nxl\Desktop\work_space\node-pro\img-mark\node_modules\koa-compose\index.js:42:32)
    at logger (C:\Users\nxl\Desktop\work_space\node-pro\img-mark\node_modules\koa-logger\index.js:67:13)
    at dispatch (C:\Users\nxl\Desktop\work_space\node-pro\img-mark\node_modules\koa-compose\index.js:42:32)
    at C:\Users\nxl\Desktop\work_space\node-pro\img-mark\node_modules\koa-log4\koa-logger.js:86:13
    at dispatch (C:\Users\nxl\Desktop\work_space\node-pro\img-mark\node_modules\koa-compose\index.js:42:32)
    at C:\Users\nxl\Desktop\work_space\node-pro\img-mark\node_modules\koa-compose\index.js:34:12
    at Application.handleRequest (C:\Users\nxl\Desktop\work_space\node-pro\img-mark\node_modules\koa\lib\application.js:151:12)
    at Server.handleRequest (C:\Users\nxl\Desktop\work_space\node-pro\img-mark\node_modules\koa\lib\application.js:133:19)
    at Server.emit (events.js:189:13) message: 'Authentication Error' }
[2019-03-20T14:16:09.530] [ERROR] application - { UnauthorizedError: Authentication Error
    at Object.throw (C:\Users\nxl\Desktop\work_space\node-pro\img-mark\node_modules\koa\lib\context.js:97:11)
    at jwt (C:\Users\nxl\Desktop\work_space\node-pro\img-mark\node_modules\koa-jwt\lib\index.js:23:22)
    at C:\Users\nxl\Desktop\work_space\node-pro\img-mark\node_modules\koa-unless\index.js:29:12
    at dispatch (C:\Users\nxl\Desktop\work_space\node-pro\img-mark\node_modules\koa-compose\index.js:42:32)
    at app.use (C:\Users\nxl\Desktop\work_space\node-pro\img-mark\middleware\tokenErrorMiddleware.js:4:26)
    at dispatch (C:\Users\nxl\Desktop\work_space\node-pro\img-mark\node_modules\koa-compose\index.js:42:32)
    at cors (C:\Users\nxl\Desktop\work_space\node-pro\img-mark\node_modules\koa2-cors\dist\index.js:91:15)
    at dispatch (C:\Users\nxl\Desktop\work_space\node-pro\img-mark\node_modules\koa-compose\index.js:42:32)
    at logger (C:\Users\nxl\Desktop\work_space\node-pro\img-mark\node_modules\koa-logger\index.js:67:13)
    at dispatch (C:\Users\nxl\Desktop\work_space\node-pro\img-mark\node_modules\koa-compose\index.js:42:32)
    at C:\Users\nxl\Desktop\work_space\node-pro\img-mark\node_modules\koa-log4\koa-logger.js:86:13
    at dispatch (C:\Users\nxl\Desktop\work_space\node-pro\img-mark\node_modules\koa-compose\index.js:42:32)
    at C:\Users\nxl\Desktop\work_space\node-pro\img-mark\node_modules\koa-compose\index.js:34:12
    at Application.handleRequest (C:\Users\nxl\Desktop\work_space\node-pro\img-mark\node_modules\koa\lib\application.js:151:12)
    at Server.handleRequest (C:\Users\nxl\Desktop\work_space\node-pro\img-mark\node_modules\koa\lib\application.js:133:19)
    at Server.emit (events.js:189:13) message: 'Authentication Error' }
[2019-03-20T14:16:09.537] [ERROR] application - { UnauthorizedError: Authentication Error
    at Object.throw (C:\Users\nxl\Desktop\work_space\node-pro\img-mark\node_modules\koa\lib\context.js:97:11)
    at jwt (C:\Users\nxl\Desktop\work_space\node-pro\img-mark\node_modules\koa-jwt\lib\index.js:23:22)
    at C:\Users\nxl\Desktop\work_space\node-pro\img-mark\node_modules\koa-unless\index.js:29:12
    at dispatch (C:\Users\nxl\Desktop\work_space\node-pro\img-mark\node_modules\koa-compose\index.js:42:32)
    at app.use (C:\Users\nxl\Desktop\work_space\node-pro\img-mark\middleware\tokenErrorMiddleware.js:4:26)
    at dispatch (C:\Users\nxl\Desktop\work_space\node-pro\img-mark\node_modules\koa-compose\index.js:42:32)
    at cors (C:\Users\nxl\Desktop\work_space\node-pro\img-mark\node_modules\koa2-cors\dist\index.js:91:15)
    at dispatch (C:\Users\nxl\Desktop\work_space\node-pro\img-mark\node_modules\koa-compose\index.js:42:32)
    at logger (C:\Users\nxl\Desktop\work_space\node-pro\img-mark\node_modules\koa-logger\index.js:67:13)
    at dispatch (C:\Users\nxl\Desktop\work_space\node-pro\img-mark\node_modules\koa-compose\index.js:42:32)
    at C:\Users\nxl\Desktop\work_space\node-pro\img-mark\node_modules\koa-log4\koa-logger.js:86:13
    at dispatch (C:\Users\nxl\Desktop\work_space\node-pro\img-mark\node_modules\koa-compose\index.js:42:32)
    at C:\Users\nxl\Desktop\work_space\node-pro\img-mark\node_modules\koa-compose\index.js:34:12
    at Application.handleRequest (C:\Users\nxl\Desktop\work_space\node-pro\img-mark\node_modules\koa\lib\application.js:151:12)
    at Server.handleRequest (C:\Users\nxl\Desktop\work_space\node-pro\img-mark\node_modules\koa\lib\application.js:133:19)
    at Server.emit (events.js:189:13) message: 'Authentication Error' }
[2019-03-20T14:17:26.000] [ERROR] application - { UnauthorizedError: Authentication Error
    at Object.throw (C:\Users\nxl\Desktop\work_space\node-pro\img-mark\node_modules\koa\lib\context.js:97:11)
    at jwt (C:\Users\nxl\Desktop\work_space\node-pro\img-mark\node_modules\koa-jwt\lib\index.js:68:26)
    at process._tickCallback (internal/process/next_tick.js:68:7)
  message: 'Authentication Error',
  originalError:
   { TokenExpiredError: jwt expired
       at C:\Users\nxl\Desktop\work_space\node-pro\img-mark\node_modules\koa-jwt\node_modules\jsonwebtoken\verify.js:141:21
       at getSecret (C:\Users\nxl\Desktop\work_space\node-pro\img-mark\node_modules\koa-jwt\node_modules\jsonwebtoken\verify.js:76:14)
       at Object.module.exports [as verify] (C:\Users\nxl\Desktop\work_space\node-pro\img-mark\node_modules\koa-jwt\node_modules\jsonwebtoken\verify.js:80:10)
       at Promise (C:\Users\nxl\Desktop\work_space\node-pro\img-mark\node_modules\koa-jwt\lib\verify.js:5:23)
       at new Promise (<anonymous>)
       at module.exports.args (C:\Users\nxl\Desktop\work_space\node-pro\img-mark\node_modules\koa-jwt\lib\verify.js:4:12)
       at secrets.map (C:\Users\nxl\Desktop\work_space\node-pro\img-mark\node_modules\koa-jwt\lib\index.js:39:30)
       at Array.map (<anonymous>)
       at jwt (C:\Users\nxl\Desktop\work_space\node-pro\img-mark\node_modules\koa-jwt\lib\index.js:38:43)
       at C:\Users\nxl\Desktop\work_space\node-pro\img-mark\node_modules\koa-unless\index.js:29:12
       at dispatch (C:\Users\nxl\Desktop\work_space\node-pro\img-mark\node_modules\koa-compose\index.js:42:32)
       at app.use (C:\Users\nxl\Desktop\work_space\node-pro\img-mark\middleware\tokenErrorMiddleware.js:4:26)
       at dispatch (C:\Users\nxl\Desktop\work_space\node-pro\img-mark\node_modules\koa-compose\index.js:42:32)
       at cors (C:\Users\nxl\Desktop\work_space\node-pro\img-mark\node_modules\koa2-cors\dist\index.js:91:15)
       at dispatch (C:\Users\nxl\Desktop\work_space\node-pro\img-mark\node_modules\koa-compose\index.js:42:32)
       at logger (C:\Users\nxl\Desktop\work_space\node-pro\img-mark\node_modules\koa-logger\index.js:67:13)
     name: 'TokenExpiredError',
     message: 'jwt expired',
     expiredAt: 2019-03-20T04:13:31.000Z } }
